<?xml version="1.0" encoding="UTF-8"?>
<testng-results skipped="0" failed="0" ignored="0" total="1" passed="1">
  <reporter-output>
  </reporter-output>
  <suite name="Default suite" duration-ms="19820" started-at="2021-02-04T21:34:06 CET" finished-at="2021-02-04T21:34:26 CET">
    <groups>
    </groups>
    <test name="Default test" duration-ms="19820" started-at="2021-02-04T21:34:06 CET" finished-at="2021-02-04T21:34:26 CET">
      <class name="tests.DemoTest">
        <test-method status="PASS" signature="test()[pri:0, instance:tests.DemoTest@1f554b06]" name="test" duration-ms="19581" started-at="2021-02-04T21:34:06 CET" finished-at="2021-02-04T21:34:26 CET">
          <reporter-output>
          </reporter-output>
        </test-method> <!-- test -->
      </class> <!-- tests.DemoTest -->
    </test> <!-- Default test -->
  </suite> <!-- Default suite -->
</testng-results>
